TurboRisk.lpi Note: Added defines -dBorland -dVer150 -dDelphi7 -dCompiler6_Up -dPUREPASCAL in custom options
 Progress: Found all unit files
TurboRisk.lpr(1,19) Note: Added MODE Delphi syntax modifier after unit name.
 : 
 : *** Converting unit files belonging to project/package ***
SimMap.pas Note: Replaced unit "Windows" with "LCLIntf, LCLType, LMessages" in uses section.
SimMap.pas(1,13) Note: Added MODE Delphi syntax modifier after unit name.
Globals.pas Note: Changed encoding from ISO-8859-1 to UTF-8
Globals.pas Note: Replaced unit "Windows" with "LCLIntf, LCLType, LMessages" in uses section.
Globals.pas(1,14) Note: Added MODE Delphi syntax modifier after unit name.
Territ.pas Note: Changed encoding from ISO-8859-1 to UTF-8
Territ.pas(1,13) Note: Added MODE Delphi syntax modifier after unit name.
NewGame.pas Note: Replaced unit "Windows" with "LCLIntf, LCLType, LMessages" in uses section.
NewGame.pas(1,14) Note: Added MODE Delphi syntax modifier after unit name.
Computer.pas Note: Changed encoding from ISO-8859-1 to UTF-8
Computer.pas Note: Replaced unit "Windows" with "LCLIntf, LCLType, LMessages" in uses section.
Computer.pas(1,15) Note: Added MODE Delphi syntax modifier after unit name.
Stats.pas Note: Replaced unit "Windows" with "LCLIntf, LCLType, LMessages" in uses section.
Stats.pas(1,12) Note: Added MODE Delphi syntax modifier after unit name.
Human.pas(1,12) Note: Added MODE Delphi syntax modifier after unit name.
Rules.pas Note: Replaced unit "Windows" with "LCLIntf, LCLType, LMessages" in uses section.
Rules.pas(1,12) Note: Added MODE Delphi syntax modifier after unit name.
Cards.pas Note: Changed encoding from ISO-8859-1 to UTF-8
Cards.pas Note: Replaced unit "Windows" with "LCLIntf, LCLType, LMessages" in uses section.
Cards.pas(1,12) Note: Added MODE Delphi syntax modifier after unit name.
Attack.pas Note: Replaced unit "Windows" with "LCLIntf, LCLType, LMessages" in uses section.
Attack.pas(1,13) Note: Added MODE Delphi syntax modifier after unit name.
Move.pas Note: Changed encoding from ISO-8859-1 to UTF-8
Move.pas Note: Replaced unit "Windows" with "LCLIntf, LCLType, LMessages" in uses section.
Move.pas(1,11) Note: Added MODE Delphi syntax modifier after unit name.
Players.pas Note: Replaced unit "Windows" with "LCLIntf, LCLType, LMessages" in uses section.
Players.pas(1,14) Note: Added MODE Delphi syntax modifier after unit name.
Log.pas Note: Replaced unit "Windows" with "LCLIntf, LCLType, LMessages" in uses section.
Log.pas(1,10) Note: Added MODE Delphi syntax modifier after unit name.
About.pas Note: Replaced unit "Windows" with "LCLIntf, LCLType, LMessages" in uses section.
About.pas(1,12) Note: Added MODE Delphi syntax modifier after unit name.
ExpSubr.pas Note: Changed encoding from ISO-8859-1 to UTF-8
ExpSubr.pas(1,14) Note: Added MODE Delphi syntax modifier after unit name.
Map.pas Note: Replaced unit "Windows" with "LCLIntf, LCLType, LMessages" in uses section.
Map.pas(1,10) Note: Added MODE Delphi syntax modifier after unit name.
History.pas Note: Replaced unit "Windows" with "LCLIntf, LCLType, LMessages" in uses section.
History.pas(1,14) Note: Added MODE Delphi syntax modifier after unit name.
Programs.pas Note: Replaced unit "Windows" with "LCLIntf, LCLType, LMessages" in uses section.
Programs.pas(1,15) Note: Added MODE Delphi syntax modifier after unit name.
CheckUpd.pas Note: Replaced unit "Windows" with "LCLIntf, LCLType, LMessages" in uses section.
CheckUpd.pas(1,15) Note: Added MODE Delphi syntax modifier after unit name.
TRPError.pas Note: Replaced unit "Windows" with "LCLIntf, LCLType, LMessages" in uses section.
TRPError.pas(1,15) Note: Added MODE Delphi syntax modifier after unit name.
Pref.pas Note: Replaced unit "Windows" with "LCLIntf, LCLType, LMessages" in uses section.
Pref.pas(1,11) Note: Added MODE Delphi syntax modifier after unit name.
SplashScreen.pas Note: Replaced unit "Windows" with "LCLIntf, LCLType, LMessages" in uses section.
SplashScreen.pas(1,19) Note: Added MODE Delphi syntax modifier after unit name.
UDialog.pas Note: Replaced unit "Windows" with "LCLIntf, LCLType, LMessages" in uses section.
UDialog.pas(1,14) Note: Added MODE Delphi syntax modifier after unit name.
Main.pas Note: Replaced unit "Windows" with "LCLIntf, LCLType, LMessages" in uses section.
Main.pas Note: Removed unit "ShellAPI" from uses section.
Main.pas(1,11) Note: Added MODE Delphi syntax modifier after unit name.
Main.pas(302,3) Note: Replaced call ShellExecute(0, nil, pChar(      'http://www.marioferrari.org/freeware/turborisk/turborisk.html'), nil,    nil, sw_ShowNormal); with OpenURL(pChar(
      'http://www.marioferrari.org/freeware/turborisk/turborisk.html')); { *Converted from ShellExecute* }
Main.pas(295,3) Note: Replaced call ShellExecute(0, nil, pChar(      'http://groups.google.com/group/turborisk'), nil,    nil, sw_ShowNormal); with OpenURL(pChar(
      'http://groups.google.com/group/turborisk')); { *Converted from ShellExecute* }
 : 
 : *** Converting unit files found during conversion ***
Readme.pas Note: Replaced unit "Windows" with "LCLIntf, LCLType, LMessages" in uses section.
Readme.pas(1,13) Note: Added MODE Delphi syntax modifier after unit name.
Sim.pas Note: Replaced unit "Windows" with "LCLIntf, LCLType, LMessages" in uses section.
Sim.pas(1,10) Note: Added MODE Delphi syntax modifier after unit name.
SimGameLog.pas Note: Replaced unit "Windows" with "LCLIntf, LCLType, LMessages" in uses section.
SimGameLog.pas(1,17) Note: Added MODE Delphi syntax modifier after unit name.
 : 
 : *** Fixing used units and Repairing form files ***
SimMap.pas Note: Removed property "TextHeight".
SimMap.pas Note: Removed property "OldCreateOrder".
SimMap.pas Note: Changed Top coord of TImage from "2" to "0" inside TPanel.
SimMap.pas Note: Changed Left coord of TImage from "2" to "0" inside TPanel.
NewGame.pas Note: Removed property "ParentDoubleBuffered".
NewGame.pas Note: Removed property "DoubleBuffered".
NewGame.pas Note: Removed property "ParentDoubleBuffered".
NewGame.pas Note: Removed property "DoubleBuffered".
NewGame.pas Note: Removed property "ParentDoubleBuffered".
NewGame.pas Note: Removed property "DoubleBuffered".
NewGame.pas Note: Removed property "ParentDoubleBuffered".
NewGame.pas Note: Removed property "DoubleBuffered".
NewGame.pas Note: Removed property "Margins.Bottom".
NewGame.pas Note: Removed property "Margins.Right".
NewGame.pas Note: Removed property "Margins.Top".
NewGame.pas Note: Removed property "Margins.Left".
NewGame.pas Note: Removed property "Margins.Bottom".
NewGame.pas Note: Removed property "Margins.Right".
NewGame.pas Note: Removed property "Margins.Top".
NewGame.pas Note: Removed property "Margins.Left".
NewGame.pas Note: Removed property "Margins.Bottom".
NewGame.pas Note: Removed property "Margins.Right".
NewGame.pas Note: Removed property "Margins.Top".
NewGame.pas Note: Removed property "Margins.Left".
NewGame.pas Note: Removed property "Margins.Bottom".
NewGame.pas Note: Removed property "Margins.Right".
NewGame.pas Note: Removed property "Margins.Top".
NewGame.pas Note: Removed property "Margins.Left".
NewGame.pas Note: Removed property "Margins.Bottom".
NewGame.pas Note: Removed property "Margins.Right".
NewGame.pas Note: Removed property "Margins.Top".
NewGame.pas Note: Removed property "Margins.Left".
NewGame.pas Note: Removed property "Margins.Bottom".
NewGame.pas Note: Removed property "Margins.Right".
NewGame.pas Note: Removed property "Margins.Top".
NewGame.pas Note: Removed property "Margins.Left".
NewGame.pas Note: Removed property "Margins.Bottom".
NewGame.pas Note: Removed property "Margins.Right".
NewGame.pas Note: Removed property "Margins.Top".
NewGame.pas Note: Removed property "Margins.Left".
NewGame.pas Note: Removed property "Margins.Bottom".
NewGame.pas Note: Removed property "Margins.Right".
NewGame.pas Note: Removed property "Margins.Top".
NewGame.pas Note: Removed property "Margins.Left".
NewGame.pas Note: Removed property "Margins.Bottom".
NewGame.pas Note: Removed property "Margins.Right".
NewGame.pas Note: Removed property "Margins.Top".
NewGame.pas Note: Removed property "Margins.Left".
NewGame.pas Note: Removed property "Margins.Bottom".
NewGame.pas Note: Removed property "Margins.Right".
NewGame.pas Note: Removed property "Margins.Top".
NewGame.pas Note: Removed property "Margins.Left".
NewGame.pas Note: Removed property "TextHeight".
NewGame.pas Note: Removed property "OldCreateOrder".
NewGame.pas Note: Changed Top coord of TBitBtn from "63" to "49" inside TGroupBox.
NewGame.pas Note: Changed Left coord of TBitBtn from "146" to "144" inside TGroupBox.
NewGame.pas Note: Changed Top coord of TBitBtn from "63" to "49" inside TGroupBox.
NewGame.pas Note: Changed Left coord of TBitBtn from "9" to "7" inside TGroupBox.
NewGame.pas Note: Changed Top coord of TComboBox from "36" to "22" inside TGroupBox.
NewGame.pas Note: Changed Left coord of TComboBox from "9" to "7" inside TGroupBox.
NewGame.pas Note: Changed Top coord of TLabel from "21" to "7" inside TGroupBox.
NewGame.pas Note: Changed Left coord of TLabel from "9" to "7" inside TGroupBox.
NewGame.pas Note: Changed Top coord of TPanel from "5" to "3" inside TPanel.
NewGame.pas Note: Changed Left coord of TPanel from "138" to "136" inside TPanel.
NewGame.pas Note: Changed Top coord of TCheckBox from "5" to "3" inside TPanel.
NewGame.pas Note: Changed Left coord of TCheckBox from "9" to "7" inside TPanel.
NewGame.pas Note: Changed Top coord of TSpeedButton from "2" to "0" inside TPanel.
NewGame.pas Note: Changed Left coord of TSpeedButton from "179" to "177" inside TPanel.
NewGame.pas Note: Changed Top coord of TImage from "3" to "1" inside TPanel.
NewGame.pas Note: Changed Left coord of TImage from "110" to "108" inside TPanel.
NewGame.pas Note: Changed Top coord of TPanel from "5" to "3" inside TPanel.
NewGame.pas Note: Changed Left coord of TPanel from "138" to "136" inside TPanel.
NewGame.pas Note: Changed Top coord of TCheckBox from "5" to "3" inside TPanel.
NewGame.pas Note: Changed Left coord of TCheckBox from "9" to "7" inside TPanel.
NewGame.pas Note: Changed Top coord of TSpeedButton from "5" to "3" inside TPanel.
NewGame.pas Note: Changed Left coord of TSpeedButton from "179" to "177" inside TPanel.
NewGame.pas Note: Changed Top coord of TImage from "3" to "1" inside TPanel.
NewGame.pas Note: Changed Left coord of TImage from "110" to "108" inside TPanel.
NewGame.pas Note: Changed Top coord of TPanel from "5" to "3" inside TPanel.
NewGame.pas Note: Changed Left coord of TPanel from "138" to "136" inside TPanel.
NewGame.pas Note: Changed Top coord of TCheckBox from "5" to "3" inside TPanel.
NewGame.pas Note: Changed Left coord of TCheckBox from "9" to "7" inside TPanel.
NewGame.pas Note: Changed Top coord of TSpeedButton from "5" to "3" inside TPanel.
NewGame.pas Note: Changed Left coord of TSpeedButton from "179" to "177" inside TPanel.
NewGame.pas Note: Changed Top coord of TImage from "3" to "1" inside TPanel.
NewGame.pas Note: Changed Left coord of TImage from "110" to "108" inside TPanel.
NewGame.pas Note: Changed Top coord of TPanel from "5" to "3" inside TPanel.
NewGame.pas Note: Changed Left coord of TPanel from "138" to "136" inside TPanel.
NewGame.pas Note: Changed Top coord of TCheckBox from "5" to "3" inside TPanel.
NewGame.pas Note: Changed Left coord of TCheckBox from "9" to "7" inside TPanel.
NewGame.pas Note: Changed Top coord of TSpeedButton from "5" to "3" inside TPanel.
NewGame.pas Note: Changed Left coord of TSpeedButton from "179" to "177" inside TPanel.
NewGame.pas Note: Changed Top coord of TImage from "3" to "1" inside TPanel.
NewGame.pas Note: Changed Left coord of TImage from "110" to "108" inside TPanel.
NewGame.pas Note: Changed Top coord of TPanel from "5" to "3" inside TPanel.
NewGame.pas Note: Changed Left coord of TPanel from "138" to "136" inside TPanel.
NewGame.pas Note: Changed Top coord of TCheckBox from "5" to "3" inside TPanel.
NewGame.pas Note: Changed Left coord of TCheckBox from "9" to "7" inside TPanel.
NewGame.pas Note: Changed Top coord of TSpeedButton from "5" to "3" inside TPanel.
NewGame.pas Note: Changed Left coord of TSpeedButton from "179" to "177" inside TPanel.
NewGame.pas Note: Changed Top coord of TImage from "3" to "1" inside TPanel.
NewGame.pas Note: Changed Left coord of TImage from "110" to "108" inside TPanel.
NewGame.pas Note: Changed Top coord of TPanel from "5" to "3" inside TPanel.
NewGame.pas Note: Changed Left coord of TPanel from "138" to "136" inside TPanel.
NewGame.pas Note: Changed Top coord of TCheckBox from "5" to "3" inside TPanel.
NewGame.pas Note: Changed Left coord of TCheckBox from "9" to "7" inside TPanel.
NewGame.pas Note: Changed Top coord of TSpeedButton from "5" to "3" inside TPanel.
NewGame.pas Note: Changed Left coord of TSpeedButton from "179" to "177" inside TPanel.
NewGame.pas Note: Changed Top coord of TImage from "3" to "1" inside TPanel.
NewGame.pas Note: Changed Left coord of TImage from "110" to "108" inside TPanel.
NewGame.pas Note: Changed Top coord of TPanel from "5" to "3" inside TPanel.
NewGame.pas Note: Changed Left coord of TPanel from "138" to "136" inside TPanel.
NewGame.pas Note: Changed Top coord of TCheckBox from "5" to "3" inside TPanel.
NewGame.pas Note: Changed Left coord of TCheckBox from "9" to "7" inside TPanel.
NewGame.pas Note: Changed Top coord of TSpeedButton from "5" to "3" inside TPanel.
NewGame.pas Note: Changed Left coord of TSpeedButton from "179" to "177" inside TPanel.
NewGame.pas Note: Changed Top coord of TImage from "3" to "1" inside TPanel.
NewGame.pas Note: Changed Left coord of TImage from "110" to "108" inside TPanel.
NewGame.pas Note: Changed Top coord of TPanel from "5" to "3" inside TPanel.
NewGame.pas Note: Changed Left coord of TPanel from "138" to "136" inside TPanel.
NewGame.pas Note: Changed Top coord of TCheckBox from "5" to "3" inside TPanel.
NewGame.pas Note: Changed Left coord of TCheckBox from "9" to "7" inside TPanel.
NewGame.pas Note: Changed Top coord of TSpeedButton from "5" to "3" inside TPanel.
NewGame.pas Note: Changed Left coord of TSpeedButton from "179" to "177" inside TPanel.
NewGame.pas Note: Changed Top coord of TImage from "3" to "1" inside TPanel.
NewGame.pas Note: Changed Left coord of TImage from "110" to "108" inside TPanel.
NewGame.pas Note: Changed Top coord of TPanel from "5" to "3" inside TPanel.
NewGame.pas Note: Changed Left coord of TPanel from "138" to "136" inside TPanel.
NewGame.pas Note: Changed Top coord of TCheckBox from "5" to "3" inside TPanel.
NewGame.pas Note: Changed Left coord of TCheckBox from "9" to "7" inside TPanel.
NewGame.pas Note: Changed Top coord of TSpeedButton from "5" to "3" inside TPanel.
NewGame.pas Note: Changed Left coord of TSpeedButton from "179" to "177" inside TPanel.
NewGame.pas Note: Changed Top coord of TImage from "3" to "1" inside TPanel.
NewGame.pas Note: Changed Left coord of TImage from "110" to "108" inside TPanel.
NewGame.pas Note: Changed Top coord of TPanel from "5" to "3" inside TPanel.
NewGame.pas Note: Changed Left coord of TPanel from "138" to "136" inside TPanel.
NewGame.pas Note: Changed Top coord of TCheckBox from "5" to "3" inside TPanel.
NewGame.pas Note: Changed Left coord of TCheckBox from "9" to "7" inside TPanel.
NewGame.pas Note: Changed Top coord of TSpeedButton from "5" to "3" inside TPanel.
NewGame.pas Note: Changed Left coord of TSpeedButton from "179" to "177" inside TPanel.
NewGame.pas Note: Changed Top coord of TImage from "3" to "1" inside TPanel.
NewGame.pas Note: Changed Left coord of TImage from "110" to "108" inside TPanel.
Stats.pas Note: Removed property "ParentCtl3D".
Stats.pas Note: Removed property "Ctl3D".
Stats.pas Note: Removed property "TextHeight".
Stats.pas Note: Removed property "OldCreateOrder".
Rules.pas Note: Removed property "ParentDoubleBuffered".
Rules.pas Note: Removed property "DoubleBuffered".
Rules.pas Note: Removed property "ParentDoubleBuffered".
Rules.pas Note: Removed property "DoubleBuffered".
Rules.pas Note: Removed property "ParentDoubleBuffered".
Rules.pas Note: Removed property "DoubleBuffered".
Rules.pas Note: Removed property "TextHeight".
Rules.pas Note: Removed property "OldCreateOrder".
Rules.pas Note: Changed Top coord of TEdit from "185" to "171" inside TGroupBox.
Rules.pas Note: Changed Left coord of TEdit from "120" to "118" inside TGroupBox.
Rules.pas Note: Changed Top coord of TEdit from "160" to "146" inside TGroupBox.
Rules.pas Note: Changed Left coord of TEdit from "120" to "118" inside TGroupBox.
Rules.pas Note: Changed Top coord of TEdit from "140" to "126" inside TGroupBox.
Rules.pas Note: Changed Left coord of TEdit from "120" to "118" inside TGroupBox.
Rules.pas Note: Changed Top coord of TEdit from "120" to "106" inside TGroupBox.
Rules.pas Note: Changed Left coord of TEdit from "120" to "118" inside TGroupBox.
Rules.pas Note: Changed Top coord of TEdit from "100" to "86" inside TGroupBox.
Rules.pas Note: Changed Left coord of TEdit from "120" to "118" inside TGroupBox.
Rules.pas Note: Changed Top coord of TEdit from "80" to "66" inside TGroupBox.
Rules.pas Note: Changed Left coord of TEdit from "120" to "118" inside TGroupBox.
Rules.pas Note: Changed Top coord of TEdit from "60" to "46" inside TGroupBox.
Rules.pas Note: Changed Left coord of TEdit from "120" to "118" inside TGroupBox.
Rules.pas Note: Changed Top coord of TEdit from "40" to "26" inside TGroupBox.
Rules.pas Note: Changed Left coord of TEdit from "120" to "118" inside TGroupBox.
Rules.pas Note: Changed Top coord of TEdit from "20" to "6" inside TGroupBox.
Rules.pas Note: Changed Left coord of TEdit from "120" to "118" inside TGroupBox.
Rules.pas Note: Changed Top coord of TLabel from "190" to "176" inside TGroupBox.
Rules.pas Note: Changed Left coord of TLabel from "10" to "8" inside TGroupBox.
Rules.pas Note: Changed Top coord of TLabel from "165" to "151" inside TGroupBox.
Rules.pas Note: Changed Left coord of TLabel from "10" to "8" inside TGroupBox.
Rules.pas Note: Changed Top coord of TLabel from "145" to "131" inside TGroupBox.
Rules.pas Note: Changed Left coord of TLabel from "10" to "8" inside TGroupBox.
Rules.pas Note: Changed Top coord of TLabel from "125" to "111" inside TGroupBox.
Rules.pas Note: Changed Left coord of TLabel from "10" to "8" inside TGroupBox.
Rules.pas Note: Changed Top coord of TLabel from "105" to "91" inside TGroupBox.
Rules.pas Note: Changed Left coord of TLabel from "10" to "8" inside TGroupBox.
Rules.pas Note: Changed Top coord of TLabel from "85" to "71" inside TGroupBox.
Rules.pas Note: Changed Left coord of TLabel from "10" to "8" inside TGroupBox.
Rules.pas Note: Changed Top coord of TLabel from "65" to "51" inside TGroupBox.
Rules.pas Note: Changed Left coord of TLabel from "10" to "8" inside TGroupBox.
Rules.pas Note: Changed Top coord of TLabel from "45" to "31" inside TGroupBox.
Rules.pas Note: Changed Left coord of TLabel from "10" to "8" inside TGroupBox.
Rules.pas Note: Changed Top coord of TLabel from "25" to "11" inside TGroupBox.
Rules.pas Note: Changed Left coord of TLabel from "10" to "8" inside TGroupBox.
Rules.pas Note: Changed Top coord of TEdit from "80" to "66" inside TGroupBox.
Rules.pas Note: Changed Left coord of TEdit from "110" to "108" inside TGroupBox.
Rules.pas Note: Changed Top coord of TEdit from "60" to "46" inside TGroupBox.
Rules.pas Note: Changed Left coord of TEdit from "110" to "108" inside TGroupBox.
Rules.pas Note: Changed Top coord of TEdit from "40" to "26" inside TGroupBox.
Rules.pas Note: Changed Left coord of TEdit from "110" to "108" inside TGroupBox.
Rules.pas Note: Changed Top coord of TEdit from "20" to "6" inside TGroupBox.
Rules.pas Note: Changed Left coord of TEdit from "110" to "108" inside TGroupBox.
Rules.pas Note: Changed Top coord of TLabel from "85" to "71" inside TGroupBox.
Rules.pas Note: Changed Left coord of TLabel from "10" to "8" inside TGroupBox.
Rules.pas Note: Changed Top coord of TLabel from "65" to "51" inside TGroupBox.
Rules.pas Note: Changed Left coord of TLabel from "10" to "8" inside TGroupBox.
Rules.pas Note: Changed Top coord of TLabel from "45" to "31" inside TGroupBox.
Rules.pas Note: Changed Left coord of TLabel from "10" to "8" inside TGroupBox.
Rules.pas Note: Changed Top coord of TLabel from "25" to "11" inside TGroupBox.
Rules.pas Note: Changed Left coord of TLabel from "10" to "8" inside TGroupBox.
Rules.pas Note: Changed Top coord of TEdit from "180" to "166" inside TGroupBox.
Rules.pas Note: Changed Left coord of TEdit from "75" to "73" inside TGroupBox.
Rules.pas Note: Changed Top coord of TEdit from "160" to "146" inside TGroupBox.
Rules.pas Note: Changed Left coord of TEdit from "75" to "73" inside TGroupBox.
Rules.pas Note: Changed Top coord of TEdit from "140" to "126" inside TGroupBox.
Rules.pas Note: Changed Left coord of TEdit from "75" to "73" inside TGroupBox.
Rules.pas Note: Changed Top coord of TEdit from "120" to "106" inside TGroupBox.
Rules.pas Note: Changed Left coord of TEdit from "75" to "73" inside TGroupBox.
Rules.pas Note: Changed Top coord of TEdit from "100" to "86" inside TGroupBox.
Rules.pas Note: Changed Left coord of TEdit from "75" to "73" inside TGroupBox.
Rules.pas Note: Changed Top coord of TEdit from "80" to "66" inside TGroupBox.
Rules.pas Note: Changed Left coord of TEdit from "75" to "73" inside TGroupBox.
Rules.pas Note: Changed Top coord of TEdit from "60" to "46" inside TGroupBox.
Rules.pas Note: Changed Left coord of TEdit from "75" to "73" inside TGroupBox.
Rules.pas Note: Changed Top coord of TEdit from "40" to "26" inside TGroupBox.
Rules.pas Note: Changed Left coord of TEdit from "75" to "73" inside TGroupBox.
Rules.pas Note: Changed Top coord of TEdit from "20" to "6" inside TGroupBox.
Rules.pas Note: Changed Left coord of TEdit from "75" to "73" inside TGroupBox.
Rules.pas Note: Changed Top coord of TLabel from "185" to "171" inside TGroupBox.
Rules.pas Note: Changed Left coord of TLabel from "10" to "8" inside TGroupBox.
Rules.pas Note: Changed Top coord of TLabel from "165" to "151" inside TGroupBox.
Rules.pas Note: Changed Left coord of TLabel from "10" to "8" inside TGroupBox.
Rules.pas Note: Changed Top coord of TLabel from "145" to "131" inside TGroupBox.
Rules.pas Note: Changed Left coord of TLabel from "10" to "8" inside TGroupBox.
Rules.pas Note: Changed Top coord of TLabel from "125" to "111" inside TGroupBox.
Rules.pas Note: Changed Left coord of TLabel from "10" to "8" inside TGroupBox.
Rules.pas Note: Changed Top coord of TLabel from "105" to "91" inside TGroupBox.
Rules.pas Note: Changed Left coord of TLabel from "10" to "8" inside TGroupBox.
Rules.pas Note: Changed Top coord of TLabel from "85" to "71" inside TGroupBox.
Rules.pas Note: Changed Left coord of TLabel from "10" to "8" inside TGroupBox.
Rules.pas Note: Changed Top coord of TLabel from "65" to "51" inside TGroupBox.
Rules.pas Note: Changed Left coord of TLabel from "10" to "8" inside TGroupBox.
Rules.pas Note: Changed Top coord of TLabel from "45" to "31" inside TGroupBox.
Rules.pas Note: Changed Left coord of TLabel from "10" to "8" inside TGroupBox.
Rules.pas Note: Changed Top coord of TLabel from "25" to "11" inside TGroupBox.
Rules.pas Note: Changed Left coord of TLabel from "10" to "8" inside TGroupBox.
Cards.pas Note: Removed property "ParentDoubleBuffered".
Cards.pas Note: Removed property "DoubleBuffered".
Cards.pas Note: Removed property "ParentDoubleBuffered".
Cards.pas Note: Removed property "DoubleBuffered".
Cards.pas Note: Removed property "TextHeight".
Cards.pas Note: Removed property "OldCreateOrder".
Attack.pas Note: Removed property "ParentDoubleBuffered".
Attack.pas Note: Removed property "DoubleBuffered".
Attack.pas Note: Removed property "ParentDoubleBuffered".
Attack.pas Note: Removed property "DoubleBuffered".
Attack.pas Note: Removed property "ParentDoubleBuffered".
Attack.pas Note: Removed property "DoubleBuffered".
Attack.pas Note: Removed property "ParentDoubleBuffered".
Attack.pas Note: Removed property "DoubleBuffered".
Attack.pas Note: Removed property "ParentDoubleBuffered".
Attack.pas Note: Removed property "DoubleBuffered".
Attack.pas Note: Removed property "TextHeight".
Attack.pas Note: Removed property "OldCreateOrder".
Move.pas Note: Removed property "ParentDoubleBuffered".
Move.pas Note: Removed property "DoubleBuffered".
Move.pas Note: Removed property "ParentDoubleBuffered".
Move.pas Note: Removed property "DoubleBuffered".
Move.pas Note: Removed property "ParentDoubleBuffered".
Move.pas Note: Removed property "DoubleBuffered".
Move.pas Note: Removed property "ParentDoubleBuffered".
Move.pas Note: Removed property "DoubleBuffered".
Move.pas Note: Removed property "TextHeight".
Move.pas Note: Removed property "OldCreateOrder".
Players.pas Note: Removed property "ParentDoubleBuffered".
Players.pas Note: Removed property "DoubleBuffered".
Players.pas Note: Removed property "ParentDoubleBuffered".
Players.pas Note: Removed property "DoubleBuffered".
Players.pas Note: Removed property "TextHeight".
Players.pas Note: Removed property "OldCreateOrder".
Players.pas Note: Added unit "ColorBox" to uses section.
Log.pas Note: Removed property "TextHeight".
Log.pas Note: Removed property "OldCreateOrder".
About.pas Note: Removed property "TextHeight".
About.pas Note: Removed property "OldCreateOrder".
Map.pas Note: Removed property "ParentDoubleBuffered".
Map.pas Note: Removed property "DoubleBuffered".
Map.pas Note: Removed property "ParentDoubleBuffered".
Map.pas Note: Removed property "DoubleBuffered".
Map.pas Note: Removed property "TextHeight".
Map.pas Note: Removed property "OldCreateOrder".
Map.pas Note: Changed Top coord of TImage from "1" to "0" inside TPanel.
Map.pas Note: Changed Left coord of TImage from "1" to "0" inside TPanel.
History.pas Note: Removed property "ParentDoubleBuffered".
History.pas Note: Removed property "DoubleBuffered".
History.pas Note: Removed property "TextHeight".
History.pas Note: Removed property "OldCreateOrder".
History.pas Note: Changed Top coord of TProgressBar from "10" to "8" inside TPanel.
History.pas Note: Changed Left coord of TProgressBar from "5" to "3" inside TPanel.
History.pas Note: Changed Top coord of TProgressBar from "10" to "8" inside TPanel.
History.pas Note: Changed Left coord of TProgressBar from "370" to "368" inside TPanel.
History.pas Note: Changed Top coord of TLabel from "95" to "93" inside TPanel.
History.pas Note: Changed Left coord of TLabel from "45" to "43" inside TPanel.
History.pas Note: Changed Top coord of TLabel from "75" to "73" inside TPanel.
History.pas Note: Changed Left coord of TLabel from "45" to "43" inside TPanel.
History.pas Note: Changed Top coord of TLabel from "25" to "23" inside TPanel.
History.pas Note: Changed Left coord of TLabel from "45" to "43" inside TPanel.
Programs.pas Note: Removed property "TextHeight".
Programs.pas Note: Removed property "OldCreateOrder".
CheckUpd.pas Note: Removed property "ExplicitTop".
CheckUpd.pas Note: Removed property "ParentDoubleBuffered".
CheckUpd.pas Note: Removed property "DoubleBuffered".
CheckUpd.pas Note: Removed property "ExplicitTop".
CheckUpd.pas Note: Removed property "ParentDoubleBuffered".
CheckUpd.pas Note: Removed property "DoubleBuffered".
CheckUpd.pas Note: Removed property "ExplicitTop".
CheckUpd.pas Note: Removed property "ExplicitTop".
CheckUpd.pas Note: Removed property "ExplicitTop".
CheckUpd.pas Note: Removed property "ExplicitHeight".
CheckUpd.pas Note: Removed property "DesignSize".
CheckUpd.pas Note: Removed property "ExplicitHeight".
CheckUpd.pas Note: Removed property "ExplicitWidth".
CheckUpd.pas Note: Removed property "ExplicitTop".
CheckUpd.pas Note: Removed property "ExplicitLeft".
CheckUpd.pas Note: Removed property "ParentCtl3D".
CheckUpd.pas Note: Removed property "Ctl3D".
CheckUpd.pas Note: Removed property "ExplicitLeft".
CheckUpd.pas Note: Removed property "DesignSize".
CheckUpd.pas Note: Removed property "ExplicitWidth".
CheckUpd.pas Note: Removed property "ExplicitTop".
CheckUpd.pas Note: Removed property "ExplicitLeft".
CheckUpd.pas Note: Removed property "TextHeight".
CheckUpd.pas Note: Removed property "OldCreateOrder".
CheckUpd.pas Note: Added unit "DateTimePicker" to uses section.
TurboRisk.lpi Note: Added Package DateTimeCtrls as a dependency.
CheckUpd.pas Note: Removed property "ExplicitLeft".
CheckUpd.pas Note: Changed Top coord of TBitBtn from "375" to "373" inside TPanel.
CheckUpd.pas Note: Changed Left coord of TBitBtn from "8" to "6" inside TPanel.
CheckUpd.pas Note: Changed Top coord of TBitBtn from "375" to "373" inside TPanel.
CheckUpd.pas Note: Changed Left coord of TBitBtn from "513" to "511" inside TPanel.
CheckUpd.pas Note: Changed Top coord of TProgressBar from "393" to "391" inside TPanel.
CheckUpd.pas Note: Changed Left coord of TProgressBar from "451" to "449" inside TPanel.
CheckUpd.pas Note: Changed Top coord of TProgressBar from "368" to "366" inside TPanel.
CheckUpd.pas Note: Changed Left coord of TProgressBar from "8" to "6" inside TPanel.
CheckUpd.pas Note: Changed Top coord of TPanel from "393" to "391" inside TPanel.
CheckUpd.pas Note: Changed Left coord of TPanel from "9" to "7" inside TPanel.
CheckUpd.pas Note: Changed Top coord of TListView from "25" to "23" inside TPanel.
CheckUpd.pas Note: Changed Left coord of TListView from "9" to "7" inside TPanel.
CheckUpd.pas Note: Changed Top coord of TLabel from "6" to "4" inside TPanel.
CheckUpd.pas Note: Changed Left coord of TLabel from "8" to "6" inside TPanel.
CheckUpd.pas Note: Changed Top coord of TDateTimePicker from "9" to "7" inside TPanel.
CheckUpd.pas Note: Changed Left coord of TDateTimePicker from "507" to "505" inside TPanel.
CheckUpd.pas Note: Changed Top coord of TWebBrowser from "1" to "0" inside TPanel.
CheckUpd.pas Note: Changed Left coord of TWebBrowser from "1" to "0" inside TPanel.
CheckUpd.pas Note: Changed Top coord of TPanel from "36" to "34" inside TPanel.
CheckUpd.pas Note: Changed Left coord of TPanel from "8" to "6" inside TPanel.
CheckUpd.pas Note: Changed Top coord of TLabel from "17" to "15" inside TPanel.
CheckUpd.pas Note: Changed Left coord of TLabel from "412" to "410" inside TPanel.
CheckUpd.pas Note: Changed Top coord of TLabel from "17" to "15" inside TPanel.
CheckUpd.pas Note: Changed Left coord of TLabel from "8" to "6" inside TPanel.
TRPError.pas Note: Removed property "ParentDoubleBuffered".
TRPError.pas Note: Removed property "DoubleBuffered".
TRPError.pas Note: Removed property "ParentDoubleBuffered".
TRPError.pas Note: Removed property "DoubleBuffered".
TRPError.pas Note: Removed property "ParentDoubleBuffered".
TRPError.pas Note: Removed property "DoubleBuffered".
TRPError.pas Note: Removed property "ParentDoubleBuffered".
TRPError.pas Note: Removed property "DoubleBuffered".
TRPError.pas Note: Removed property "TextHeight".
TRPError.pas Note: Removed property "OldCreateOrder".
Pref.pas Note: Removed property "ParentDoubleBuffered".
Pref.pas Note: Removed property "DoubleBuffered".
Pref.pas Note: Removed property "ParentDoubleBuffered".
Pref.pas Note: Removed property "DoubleBuffered".
Pref.pas Note: Removed property "ParentDoubleBuffered".
Pref.pas Note: Removed property "DoubleBuffered".
Pref.pas Note: Removed property "TextHeight".
Pref.pas Note: Removed property "OldCreateOrder".
Pref.pas Note: Changed Top coord of TEdit from "34" to "32" inside TPanel.
Pref.pas Note: Changed Left coord of TEdit from "96" to "94" inside TPanel.
Pref.pas Note: Changed Top coord of TTrackBar from "5" to "3" inside TPanel.
Pref.pas Note: Changed Left coord of TTrackBar from "10" to "8" inside TPanel.
Pref.pas Note: Changed Top coord of TLabel from "37" to "35" inside TPanel.
Pref.pas Note: Changed Left coord of TLabel from "191" to "189" inside TPanel.
Pref.pas Note: Changed Top coord of TLabel from "37" to "35" inside TPanel.
Pref.pas Note: Changed Left coord of TLabel from "4" to "2" inside TPanel.
Pref.pas Note: Changed Top coord of TEdit from "34" to "32" inside TPanel.
Pref.pas Note: Changed Left coord of TEdit from "96" to "94" inside TPanel.
Pref.pas Note: Changed Top coord of TTrackBar from "5" to "3" inside TPanel.
Pref.pas Note: Changed Left coord of TTrackBar from "10" to "8" inside TPanel.
Pref.pas Note: Changed Top coord of TLabel from "37" to "35" inside TPanel.
Pref.pas Note: Changed Left coord of TLabel from "191" to "189" inside TPanel.
Pref.pas Note: Changed Top coord of TLabel from "37" to "35" inside TPanel.
Pref.pas Note: Changed Left coord of TLabel from "4" to "2" inside TPanel.
SplashScreen.pas Note: Removed property "ExplicitHeight".
SplashScreen.pas Note: Removed property "ExplicitWidth".
SplashScreen.pas Note: Removed property "ExplicitTop".
SplashScreen.pas Note: Removed property "ExplicitLeft".
SplashScreen.pas Note: Removed property "TextHeight".
SplashScreen.pas Note: Removed property "OldCreateOrder".
UDialog.pas Note: Removed property "TextHeight".
UDialog.pas Note: Removed property "OldCreateOrder".
Main.pas Note: Removed property "ColorDepth".
Main.pas Note: Removed property "ColorDepth".
Main.pas Note: Removed property "AllowTextButtons".
Main.pas Note: Removed property "GradientEndColor".
Main.pas Note: Removed property "TextHeight".
Main.pas Note: Removed property "OldCreateOrder".
Main.pas Note: Changed Top coord of TPanel from "5" to "3" inside TPanel.
Main.pas Note: Changed Left coord of TPanel from "43" to "41" inside TPanel.
Main.pas Note: Changed Top coord of TLabel from "8" to "6" inside TPanel.
Main.pas Note: Changed Left coord of TLabel from "12" to "10" inside TPanel.
Main.pas Note: Changed Top coord of TImage from "2" to "0" inside TPanel.
Main.pas Note: Changed Left coord of TImage from "2" to "0" inside TPanel.
Main.pas Note: Added property "SimplePanel = False" for TStatusBar.
Readme.pas Note: Removed property "TextHeight".
Readme.pas Note: Removed property "OldCreateOrder".
Sim.pas Note: Removed property "ParentDoubleBuffered".
Sim.pas Note: Removed property "DoubleBuffered".
Sim.pas Note: Removed property "ParentDoubleBuffered".
Sim.pas Note: Removed property "DoubleBuffered".
Sim.pas Note: Removed property "ParentDoubleBuffered".
Sim.pas Note: Removed property "DoubleBuffered".
Sim.pas Note: Removed property "TextHeight".
Sim.pas Note: Removed property "OldCreateOrder".
Sim.pas Note: Changed Top coord of TEdit from "88" to "74" inside TGroupBox.
Sim.pas Note: Changed Left coord of TEdit from "9" to "7" inside TGroupBox.
Sim.pas Note: Changed Top coord of TEdit from "38" to "24" inside TGroupBox.
Sim.pas Note: Changed Left coord of TEdit from "9" to "7" inside TGroupBox.
Sim.pas Note: Changed Top coord of TLabel from "69" to "55" inside TGroupBox.
Sim.pas Note: Changed Left coord of TLabel from "9" to "7" inside TGroupBox.
Sim.pas Note: Changed Top coord of TLabel from "19" to "5" inside TGroupBox.
Sim.pas Note: Changed Left coord of TLabel from "9" to "7" inside TGroupBox.
Sim.pas Note: Changed Top coord of TEdisComboDialog from "88" to "74" inside TGroupBox.
Sim.pas Note: Changed Left coord of TEdisComboDialog from "10" to "8" inside TGroupBox.
Sim.pas Note: Changed Top coord of TEdisComboDialog from "38" to "24" inside TGroupBox.
Sim.pas Note: Changed Left coord of TEdisComboDialog from "10" to "8" inside TGroupBox.
Sim.pas Note: Changed Top coord of TLabel from "69" to "55" inside TGroupBox.
Sim.pas Note: Changed Left coord of TLabel from "10" to "8" inside TGroupBox.
Sim.pas Note: Changed Top coord of TLabel from "19" to "5" inside TGroupBox.
Sim.pas Note: Changed Left coord of TLabel from "10" to "8" inside TGroupBox.
Sim.pas Note: Changed Top coord of TComboBox from "46" to "32" inside TGroupBox.
Sim.pas Note: Changed Left coord of TComboBox from "26" to "24" inside TGroupBox.
Sim.pas Note: Changed Top coord of TCheckBox from "86" to "72" inside TGroupBox.
Sim.pas Note: Changed Left coord of TCheckBox from "10" to "8" inside TGroupBox.
Sim.pas Note: Changed Top coord of TCheckBox from "23" to "9" inside TGroupBox.
Sim.pas Note: Changed Left coord of TCheckBox from "10" to "8" inside TGroupBox.
Sim.pas Note: Changed Top coord of TCheckBox from "86" to "72" inside TGroupBox.
Sim.pas Note: Changed Left coord of TCheckBox from "9" to "7" inside TGroupBox.
Sim.pas Note: Changed Top coord of TCheckBox from "50" to "36" inside TGroupBox.
Sim.pas Note: Changed Left coord of TCheckBox from "9" to "7" inside TGroupBox.
Sim.pas Note: Changed Top coord of TLabel from "24" to "10" inside TGroupBox.
Sim.pas Note: Changed Left coord of TLabel from "9" to "7" inside TGroupBox.
SimGameLog.pas Note: Removed property "DesignSize".
SimGameLog.pas Note: Removed property "ExplicitWidth".
SimGameLog.pas Note: Removed property "ExplicitWidth".
SimGameLog.pas Note: Removed property "ExplicitHeight".
SimGameLog.pas Note: Removed property "ExplicitWidth".
SimGameLog.pas Note: Removed property "ExplicitHeight".
SimGameLog.pas Note: Removed property "ExplicitWidth".
SimGameLog.pas Note: Removed property "ExplicitWidth".
SimGameLog.pas Note: Removed property "TextHeight".
SimGameLog.pas Note: Removed property "OldCreateOrder".
SimGameLog.pas Note: Changed Top coord of TListView from "0" to "0" inside TPanel.
SimGameLog.pas Note: Changed Left coord of TListView from "0" to "0" inside TPanel.
 Progress: Conversion took: 00:00:50
 : Conversion Ready.
